2024-06-21 16:10:43.483 [main] INFO  reusables.testingBase - Setting up Browser !!!
2024-06-21 16:11:11.413 [main] INFO  reusables.testingBase - Opening Browser !!!
2024-06-21 16:11:35.003 [main] INFO  reusables.testingBase - Test Setup Done !!!
2024-06-21 16:11:35.016 [main] INFO  reusables.testingBase - Closing Browser !!!
2024-06-21 16:11:35.118 [main] INFO  reusables.testingBase - Test Completed !!!
2024-06-21 16:14:48.582 [main] INFO  reusables.testingBase - Setting up Browser !!!
2024-06-21 16:14:49.463 [main] INFO  reusables.testingBase - Opening Browser !!!
2024-06-21 16:15:23.483 [main] INFO  reusables.testingBase - Test Setup Done !!!
2024-06-21 16:15:23.507 [main] INFO  reusables.testingBase - Closing Browser !!!
2024-06-21 16:15:23.613 [main] INFO  reusables.testingBase - Test Completed !!!
2024-06-21 16:28:42.804 [main] INFO  reusables.testingBase - Setting up Browser !!!
2024-06-21 16:28:44.133 [main] INFO  reusables.testingBase - Opening Browser !!!
2024-06-21 16:29:02.909 [main] INFO  reusables.testingBase - Test Setup Done !!!
2024-06-21 16:29:02.941 [main] INFO  pages.HomePage - Clicking on Account Button
2024-06-21 16:29:04.321 [main] INFO  pages.AccountPage - Inserting username
2024-06-21 16:29:04.389 [main] INFO  pages.AccountPage - Inserting password
2024-06-21 16:29:04.425 [main] INFO  pages.AccountPage - Clicking on sign in button
2024-06-21 16:29:08.460 [main] INFO  reusables.testingBase - Closing Browser !!!
2024-06-21 16:29:08.562 [main] INFO  reusables.testingBase - Test Completed !!!
2024-06-21 16:35:27.816 [main] INFO  reusables.testingBase - Setting up Browser !!!
2024-06-21 16:35:28.785 [main] INFO  reusables.testingBase - Opening Browser !!!
2024-06-21 16:35:53.333 [main] INFO  reusables.testingBase - Test Setup Done !!!
2024-06-21 16:35:53.359 [main] INFO  pages.HomePage - Clicking on Account Button
2024-06-21 16:35:54.692 [main] INFO  pages.AccountPage - Inserting username
2024-06-21 16:35:54.757 [main] INFO  pages.AccountPage - Inserting password
2024-06-21 16:35:54.791 [main] INFO  pages.AccountPage - Clicking on sign in button
2024-06-21 16:35:58.821 [main] INFO  reusables.testingBase - Closing Browser !!!
2024-06-21 16:35:58.925 [main] INFO  reusables.testingBase - Test Completed !!!
2024-06-22 23:16:44.624 [main] INFO  reusables.testingBase - Setting up Browser !!!
2024-06-22 23:17:03.710 [main] INFO  reusables.testingBase - Opening Browser !!!
2024-06-22 23:18:23.329 [main] INFO  reusables.testingBase - Test Setup Done !!!
2024-06-22 23:18:23.356 [main] INFO  pages.HomePage - Clicking on Account Button
2024-06-22 23:18:27.142 [main] INFO  pages.AccountPage - Inserting username
2024-06-22 23:18:27.214 [main] INFO  pages.AccountPage - Inserting password
2024-06-22 23:18:27.250 [main] INFO  pages.AccountPage - Clicking on sign in button
2024-06-22 23:18:31.282 [main] INFO  reusables.testingBase - Closing Browser !!!
2024-06-22 23:18:31.401 [main] INFO  reusables.testingBase - Test Completed !!!
